current directory: /Users/morishitayuuki/Desktop/rails_tutorial/path/ruby/2.6.0/gems/puma-4.3.6/ext/puma_http11
/Users/morishitayuuki/.rbenv/versions/2.6.6/bin/ruby -I /Users/morishitayuuki/.rbenv/versions/2.6.6/lib/ruby/2.6.0 -r ./siteconf20201118-39840-hgxjse.rb extconf.rb
checking for BIO_read() in -lcrypto... yes
checking for SSL_CTX_new() in -lssl... yes
checking for openssl/bio.h... yes
checking for DTLS_method() in openssl/ssl.h... yes
checking for TLS_server_method() in openssl/ssl.h... yes
checking for SSL_CTX_set_min_proto_version in openssl/ssl.h... yes
creating Makefile

current directory: /Users/morishitayuuki/Desktop/rails_tutorial/path/ruby/2.6.0/gems/puma-4.3.6/ext/puma_http11
make "DESTDIR=" clean

current directory: /Users/morishitayuuki/Desktop/rails_tutorial/path/ruby/2.6.0/gems/puma-4.3.6/ext/puma_http11
make "DESTDIR="
compiling http11_parser.c
compiling io_buffer.c
compiling mini_ssl.c
compiling puma_http11.c
linking shared-object puma/puma_http11.bundle

current directory: /Users/morishitayuuki/Desktop/rails_tutorial/path/ruby/2.6.0/gems/puma-4.3.6/ext/puma_http11
make "DESTDIR=" install
/usr/bin/install -c -m 0755 puma_http11.bundle ./.gem.20201118-39840-1yv3h5g/puma
